<?xml version="1.0" encoding="UTF-8"?>
<testsuite xmlns:xsi="http://www.w3.org/2001/XMLSchema-instance" xsi:noNamespaceSchemaLocation="https://maven.apache.org/surefire/maven-surefire-plugin/xsd/surefire-test-report-3.0.xsd" version="3.0" name="com.security.rules.FailedLoginBurstRuleTest" time="0.161" tests="15" errors="0" skipped="0" failures="1">
  <properties>
[...]
</properties>
  <testcase name="shouldNotCountSuccessfulLoginsAsFailed" classname="com.security.rules.FailedLoginBurstRuleTest" time="0.041"/>
  <testcase name="shouldReturnFalseWhenUnusualEndpointAccessByIPIsLessThanThreshold" classname="com.security.rules.FailedLoginBurstRuleTest" time="0.002"/>
  <testcase name="shouldReturnFalseWhenFourFailedAttemptsOccurwithinTenMinutes" classname="com.security.rules.FailedLoginBurstRuleTest" time="0.011"/>
  <testcase name="shouldReturnFalseWhenFewerThanFiveTotalFailedLogins" classname="com.security.rules.FailedLoginBurstRuleTest" time="0.003"/>
  <testcase name="shouldDetectUnusualEndpointAccessByIP" classname="com.security.rules.FailedLoginBurstRuleTest" time="0.004">
    <system-out><![CDATA[Suspicious activity detected from IP: 192.168.1.2 accessing 6 distinct endpoints.
]]></system-out>
  </testcase>
  <testcase name="shouldNotDetectPortScanWhenActivityIsOutsideTimeWindow" classname="com.security.rules.FailedLoginBurstRuleTest" time="0.001"/>
  <testcase name="shouldReturnFalseWhenBurstSpreadAcrossDifferentIPsWithinTimeFrame" classname="com.security.rules.FailedLoginBurstRuleTest" time="0.002"/>
  <testcase name="shouldReturnFalseWhenFailuresSpreadAcrossDifferentIPs" classname="com.security.rules.FailedLoginBurstRuleTest" time="0.001"/>
  <testcase name="shouldReturnFalseWhenAttemptsSpreadOutBeyondTimeFrame" classname="com.security.rules.FailedLoginBurstRuleTest" time="0.001"/>
  <testcase name="shouldCountBothSlashLoginEndpoints" classname="com.security.rules.FailedLoginBurstRuleTest" time="0.002">
    <system-out><![CDATA[Suspicious activity detected: 5 failed login attempts.
]]></system-out>
  </testcase>
  <testcase name="shouldTriggerOnlyOnIPThatReachesThreshold" classname="com.security.rules.FailedLoginBurstRuleTest" time="0.004">
    <system-out><![CDATA[Suspicious activity detected from IP: 10.0.0.2 with 5 failed attempts.
]]></system-out>
  </testcase>
  <testcase name="shouldReturnTrueWhenFiveFailuresFromSameIP" classname="com.security.rules.FailedLoginBurstRuleTest" time="0.003">
    <system-out><![CDATA[Suspicious activity detected from IP: 192.168.1.10 with 5 failed attempts.
]]></system-out>
  </testcase>
  <testcase name="shouldReturnTrueWhenFiveAttemptsFromSameIPWithinTimeFrame" classname="com.security.rules.FailedLoginBurstRuleTest" time="0.005">
    <system-out><![CDATA[Suspicious activity detected from IP: 172.16.0.1 with 5 failed attempts within 10 minutes.
]]></system-out>
  </testcase>
  <testcase name="shouldDetectPortScanPatternWhenManyDistinctEndpointsHitQuickly" classname="com.security.rules.FailedLoginBurstRuleTest" time="0.011">
    <failure message="expected: &lt;true&gt; but was: &lt;false&gt;" type="org.opentest4j.AssertionFailedError"><![CDATA[org.opentest4j.AssertionFailedError: expected: <true> but was: <false>
	at org.junit.jupiter.api.AssertionFailureBuilder.build(AssertionFailureBuilder.java:151)
	at org.junit.jupiter.api.AssertionFailureBuilder.buildAndThrow(AssertionFailureBuilder.java:132)
	at org.junit.jupiter.api.AssertTrue.failNotTrue(AssertTrue.java:63)
	at org.junit.jupiter.api.AssertTrue.assertTrue(AssertTrue.java:36)
	at org.junit.jupiter.api.AssertTrue.assertTrue(AssertTrue.java:31)
	at org.junit.jupiter.api.Assertions.assertTrue(Assertions.java:183)
	at com.security.rules.FailedLoginBurstRuleTest.shouldDetectPortScanPatternWhenManyDistinctEndpointsHitQuickly(FailedLoginBurstRuleTest.java:186)
	at java.base/java.lang.reflect.Method.invoke(Method.java:565)
	at java.base/java.util.ArrayList.forEach(ArrayList.java:1604)
	at java.base/java.util.ArrayList.forEach(ArrayList.java:1604)
]]></failure>
  </testcase>
  <testcase name="shouldReturnTrueWhenFiveOrMoreTotalFailedLogins" classname="com.security.rules.FailedLoginBurstRuleTest" time="0.002">
    <system-out><![CDATA[Suspicious activity detected: 5 failed login attempts.
]]></system-out>
  </testcase>
</testsuite>