<?xml version="1.0" encoding="UTF-8"?>
<testsuite xmlns:xsi="http://www.w3.org/2001/XMLSchema-instance" xsi:noNamespaceSchemaLocation="https://maven.apache.org/surefire/maven-surefire-plugin/xsd/surefire-test-report-3.0.xsd" version="3.0" name="com.security.rules.FailedLoginBurstRuleTest" time="0.1" tests="11" errors="0" skipped="0" failures="0">
  <properties>
[...]
</properties>
  <testcase name="shouldNotCountSuccessfulLoginsAsFailed" classname="com.security.rules.FailedLoginBurstRuleTest" time="0.028"/>
  <testcase name="shouldReturnFalseWhenFourFailedAttemptswithinTenMinutesTimeFrame" classname="com.security.rules.FailedLoginBurstRuleTest" time="0.016"/>
  <testcase name="shouldReturnFalseWhenFewerThanFiveTotalFailedLogins" classname="com.security.rules.FailedLoginBurstRuleTest" time="0.005"/>
  <testcase name="shouldReturnFalseWhenBurstSpreadAcrossDifferentIPsWithinTimeFrame" classname="com.security.rules.FailedLoginBurstRuleTest" time="0.001"/>
  <testcase name="shouldReturnFalseWhenFailuresSpreadAcrossDifferentIPs" classname="com.security.rules.FailedLoginBurstRuleTest" time="0.002"/>
  <testcase name="shouldReturnFalseWhenAttemptsSpreadOutBeyondTimeFrame" classname="com.security.rules.FailedLoginBurstRuleTest" time="0.001"/>
  <testcase name="shouldCountBothSlashLoginEndpoints" classname="com.security.rules.FailedLoginBurstRuleTest" time="0.002"/>
  <testcase name="shouldTriggerOnlyOnIPThatReachesThreshold" classname="com.security.rules.FailedLoginBurstRuleTest" time="0.002"/>
  <testcase name="shouldReturnTrueWhenFiveFailuresFromSameIP" classname="com.security.rules.FailedLoginBurstRuleTest" time="0.001"/>
  <testcase name="shouldReturnTrueWhenFiveAttemptsFromSameIPWithinTimeFrame" classname="com.security.rules.FailedLoginBurstRuleTest" time="0.001"/>
  <testcase name="shouldReturnTrueWhenFiveOrMoreTotalFailedLogins" classname="com.security.rules.FailedLoginBurstRuleTest" time="0.001"/>
</testsuite>